[debug] [2020-10-08T19:03:53.659Z] ----------------------------------------------------------------------
[debug] [2020-10-08T19:03:53.662Z] Command:       /usr/local/bin/node /usr/local/bin/firebase deploy
[debug] [2020-10-08T19:03:53.662Z] CLI Version:   8.12.0
[debug] [2020-10-08T19:03:53.662Z] Platform:      darwin
[debug] [2020-10-08T19:03:53.662Z] Node Version:  v12.18.2
[debug] [2020-10-08T19:03:53.673Z] Time:          Thu Oct 08 2020 21:03:53 GMT+0200 (Central European Summer Time)
[debug] [2020-10-08T19:03:53.673Z] ----------------------------------------------------------------------
[debug] [2020-10-08T19:03:53.673Z] 
[debug] [2020-10-08T19:03:53.690Z] > command requires scopes: ["email","openid","https://www.googleapis.com/auth/cloudplatformprojects.readonly","https://www.googleapis.com/auth/firebase","https://www.googleapis.com/auth/cloud-platform"]
[debug] [2020-10-08T19:03:53.691Z] > authorizing via signed-in user
[debug] [2020-10-08T19:03:53.691Z] [iam] checking project globuzzer-services for permissions ["firebase.projects.get","firebasehosting.sites.update"]
[debug] [2020-10-08T19:03:53.694Z] > refreshing access token with scopes: ["email","https://www.googleapis.com/auth/cloud-platform","https://www.googleapis.com/auth/cloudplatformprojects.readonly","https://www.googleapis.com/auth/firebase","openid"]
[debug] [2020-10-08T19:03:53.694Z] >>> HTTP REQUEST POST https://www.googleapis.com/oauth2/v3/token  
 <request body omitted>
[debug] [2020-10-08T19:03:53.893Z] <<< HTTP RESPONSE 200 {"date":"Thu, 08 Oct 2020 19:03:53 GMT","pragma":"no-cache","expires":"Mon, 01 Jan 1990 00:00:00 GMT","cache-control":"no-cache, no-store, max-age=0, must-revalidate","content-type":"application/json; charset=utf-8","vary":"X-Origin, Referer, Origin,Accept-Encoding","server":"scaffolding on HTTPServer2","x-xss-protection":"0","x-frame-options":"SAMEORIGIN","x-content-type-options":"nosniff","alt-svc":"h3-Q050=\":443\"; ma=2592000,h3-29=\":443\"; ma=2592000,h3-27=\":443\"; ma=2592000,h3-T051=\":443\"; ma=2592000,h3-T050=\":443\"; ma=2592000,h3-Q046=\":443\"; ma=2592000,h3-Q043=\":443\"; ma=2592000,quic=\":443\"; ma=2592000; v=\"46,43\"","accept-ranges":"none","transfer-encoding":"chunked"}
[debug] [2020-10-08T19:03:53.909Z] >>> HTTP REQUEST POST https://cloudresourcemanager.googleapis.com/v1/projects/globuzzer-services:testIamPermissions  
 {"permissions":["firebase.projects.get","firebasehosting.sites.update"]}
[debug] [2020-10-08T19:03:54.797Z] <<< HTTP RESPONSE 200 {"content-type":"application/json; charset=UTF-8","vary":"X-Origin, Referer, Origin,Accept-Encoding","date":"Thu, 08 Oct 2020 19:03:54 GMT","server":"ESF","cache-control":"private","x-xss-protection":"0","x-frame-options":"SAMEORIGIN","x-content-type-options":"nosniff","server-timing":"gfet4t7; dur=737","alt-svc":"h3-Q050=\":443\"; ma=2592000,h3-29=\":443\"; ma=2592000,h3-27=\":443\"; ma=2592000,h3-T051=\":443\"; ma=2592000,h3-T050=\":443\"; ma=2592000,h3-Q046=\":443\"; ma=2592000,h3-Q043=\":443\"; ma=2592000,quic=\":443\"; ma=2592000; v=\"46,43\"","accept-ranges":"none","transfer-encoding":"chunked"}
[debug] [2020-10-08T19:03:54.800Z] >>> HTTP REQUEST GET https://firebase.googleapis.com/v1beta1/projects/globuzzer-services  
 
[debug] [2020-10-08T19:03:55.078Z] <<< HTTP RESPONSE 200 {"content-type":"application/json; charset=UTF-8","vary":"X-Origin, Referer, Origin,Accept-Encoding","date":"Thu, 08 Oct 2020 19:03:55 GMT","server":"ESF","cache-control":"private","x-xss-protection":"0","x-frame-options":"SAMEORIGIN","x-content-type-options":"nosniff","alt-svc":"h3-Q050=\":443\"; ma=2592000,h3-29=\":443\"; ma=2592000,h3-27=\":443\"; ma=2592000,h3-T051=\":443\"; ma=2592000,h3-T050=\":443\"; ma=2592000,h3-Q046=\":443\"; ma=2592000,h3-Q043=\":443\"; ma=2592000,quic=\":443\"; ma=2592000; v=\"46,43\"","accept-ranges":"none","transfer-encoding":"chunked"}
[info] 
[info] === Deploying to 'globuzzer-services'...
[info] 
[info] i  deploying hosting 
[debug] [2020-10-08T19:03:55.085Z] >>> HTTP REQUEST POST https://firebasehosting.googleapis.com/v1beta1/sites/globuzzer-services/versions  
 {"config":{"rewrites":[{"glob":"**","path":"/index.html"}]},"labels":{"deployment-tool":"cli-firebase"}}
[debug] [2020-10-08T19:03:56.612Z] <<< HTTP RESPONSE 200 {"content-type":"application/json; charset=UTF-8","vary":"X-Origin, Referer, Origin,Accept-Encoding","date":"Thu, 08 Oct 2020 19:03:56 GMT","server":"ESF","cache-control":"private","x-xss-protection":"0","x-frame-options":"SAMEORIGIN","x-content-type-options":"nosniff","alt-svc":"h3-Q050=\":443\"; ma=2592000,h3-29=\":443\"; ma=2592000,h3-27=\":443\"; ma=2592000,h3-T051=\":443\"; ma=2592000,h3-T050=\":443\"; ma=2592000,h3-Q046=\":443\"; ma=2592000,h3-Q043=\":443\"; ma=2592000,quic=\":443\"; ma=2592000; v=\"46,43\"","accept-ranges":"none","transfer-encoding":"chunked"}
[info] i  hosting[globuzzer-services]: beginning deploy... 
[info] i  hosting[globuzzer-services]: found 29 files in build 
[debug] [2020-10-08T19:03:56.981Z] [hosting] hash cache [YnVpbGQ] stored for 29 files
[debug] [2020-10-08T19:03:56.982Z] [hosting][hash queue][FINAL] {"max":330,"min":18,"avg":36.51724137931034,"active":0,"complete":29,"success":29,"errored":0,"retried":0,"total":29,"elapsed":349}
[debug] [2020-10-08T19:03:56.982Z] >>> HTTP REQUEST POST https://firebasehosting.googleapis.com/v1beta1/sites/globuzzer-services/versions/63a155033b3efc6e:populateFiles  
 <request body omitted>
